Сборка начата 03.12.2015 18:04:34.
     1>Проект "C:\Users\Георгий\Documents\Visual Studio 2015\Projects\BlackEngine\BlackEngine\ProjectVC\BlackEngine.vcxproj" в узле 2 (целевые объекты Build).
     1>ClCompile:
         C:\Program Files (x86)\Microsoft Visual Studio 14.0\VC\bin\CL.exe /c /ZI /nologo /W3 /WX- /sdl /Od /Oy- /D _MBCS /Gm /EHsc /RTC1 /MDd /GS /fp:precise /Zc:wchar_t /Zc:forScope /Zc:inline /Fo"Debug\\" /Fd"Debug\vc140.pdb" /Gd /TP /analyze- /errorReport:prompt ..\Core\Win32\BL_main.cpp ..\Core\Win32\BWindow.cpp
         BWindow.cpp
     1>c:\program files (x86)\microsoft directx sdk (june 2010)\include\dxgitype.h(12): warning C4005: DXGI_STATUS_OCCLUDED: изменение макроопределения
         c:\program files (x86)\windows kits\8.1\include\shared\winerror.h(50092): note: см. предыдущее определение "DXGI_STATUS_OCCLUDED"
     1>c:\program files (x86)\microsoft directx sdk (june 2010)\include\dxgitype.h(13): warning C4005: DXGI_STATUS_CLIPPED: изменение макроопределения
         c:\program files (x86)\windows kits\8.1\include\shared\winerror.h(50101): note: см. предыдущее определение "DXGI_STATUS_CLIPPED"
     1>c:\program files (x86)\microsoft directx sdk (june 2010)\include\dxgitype.h(14): warning C4005: DXGI_STATUS_NO_REDIRECTION: изменение макроопределения
         c:\program files (x86)\windows kits\8.1\include\shared\winerror.h(50110): note: см. предыдущее определение "DXGI_STATUS_NO_REDIRECTION"
     1>c:\program files (x86)\microsoft directx sdk (june 2010)\include\dxgitype.h(15): warning C4005: DXGI_STATUS_NO_DESKTOP_ACCESS: изменение макроопределения
         c:\program files (x86)\windows kits\8.1\include\shared\winerror.h(50119): note: см. предыдущее определение "DXGI_STATUS_NO_DESKTOP_ACCESS"
     1>c:\program files (x86)\microsoft directx sdk (june 2010)\include\dxgitype.h(16): warning C4005: DXGI_STATUS_GRAPHICS_VIDPN_SOURCE_IN_USE: изменение макроопределения
         c:\program files (x86)\windows kits\8.1\include\shared\winerror.h(50128): note: см. предыдущее определение "DXGI_STATUS_GRAPHICS_VIDPN_SOURCE_IN_USE"
     1>c:\program files (x86)\microsoft directx sdk (june 2010)\include\dxgitype.h(17): warning C4005: DXGI_STATUS_MODE_CHANGED: изменение макроопределения
         c:\program files (x86)\windows kits\8.1\include\shared\winerror.h(50137): note: см. предыдущее определение "DXGI_STATUS_MODE_CHANGED"
     1>c:\program files (x86)\microsoft directx sdk (june 2010)\include\dxgitype.h(18): warning C4005: DXGI_STATUS_MODE_CHANGE_IN_PROGRESS: изменение макроопределения
         c:\program files (x86)\windows kits\8.1\include\shared\winerror.h(50146): note: см. предыдущее определение "DXGI_STATUS_MODE_CHANGE_IN_PROGRESS"
     1>c:\program files (x86)\microsoft directx sdk (june 2010)\include\dxgitype.h(21): warning C4005: DXGI_ERROR_INVALID_CALL: изменение макроопределения
         c:\program files (x86)\windows kits\8.1\include\shared\winerror.h(50161): note: см. предыдущее определение "DXGI_ERROR_INVALID_CALL"
     1>c:\program files (x86)\microsoft directx sdk (june 2010)\include\dxgitype.h(22): warning C4005: DXGI_ERROR_NOT_FOUND: изменение макроопределения
         c:\program files (x86)\windows kits\8.1\include\shared\winerror.h(50170): note: см. предыдущее определение "DXGI_ERROR_NOT_FOUND"
     1>c:\program files (x86)\microsoft directx sdk (june 2010)\include\dxgitype.h(23): warning C4005: DXGI_ERROR_MORE_DATA: изменение макроопределения
         c:\program files (x86)\windows kits\8.1\include\shared\winerror.h(50179): note: см. предыдущее определение "DXGI_ERROR_MORE_DATA"
     1>c:\program files (x86)\microsoft directx sdk (june 2010)\include\dxgitype.h(24): warning C4005: DXGI_ERROR_UNSUPPORTED: изменение макроопределения
         c:\program files (x86)\windows kits\8.1\include\shared\winerror.h(50188): note: см. предыдущее определение "DXGI_ERROR_UNSUPPORTED"
     1>c:\program files (x86)\microsoft directx sdk (june 2010)\include\dxgitype.h(25): warning C4005: DXGI_ERROR_DEVICE_REMOVED: изменение макроопределения
         c:\program files (x86)\windows kits\8.1\include\shared\winerror.h(50197): note: см. предыдущее определение "DXGI_ERROR_DEVICE_REMOVED"
     1>c:\program files (x86)\microsoft directx sdk (june 2010)\include\dxgitype.h(26): warning C4005: DXGI_ERROR_DEVICE_HUNG: изменение макроопределения
         c:\program files (x86)\windows kits\8.1\include\shared\winerror.h(50206): note: см. предыдущее определение "DXGI_ERROR_DEVICE_HUNG"
     1>c:\program files (x86)\microsoft directx sdk (june 2010)\include\dxgitype.h(27): warning C4005: DXGI_ERROR_DEVICE_RESET: изменение макроопределения
         c:\program files (x86)\windows kits\8.1\include\shared\winerror.h(50216): note: см. предыдущее определение "DXGI_ERROR_DEVICE_RESET"
     1>c:\program files (x86)\microsoft directx sdk (june 2010)\include\dxgitype.h(28): warning C4005: DXGI_ERROR_WAS_STILL_DRAWING: изменение макроопределения
         c:\program files (x86)\windows kits\8.1\include\shared\winerror.h(50225): note: см. предыдущее определение "DXGI_ERROR_WAS_STILL_DRAWING"
     1>c:\program files (x86)\microsoft directx sdk (june 2010)\include\dxgitype.h(29): warning C4005: DXGI_ERROR_FRAME_STATISTICS_DISJOINT: изменение макроопределения
         c:\program files (x86)\windows kits\8.1\include\shared\winerror.h(50235): note: см. предыдущее определение "DXGI_ERROR_FRAME_STATISTICS_DISJOINT"
     1>c:\program files (x86)\microsoft directx sdk (june 2010)\include\dxgitype.h(30): warning C4005: DXGI_ERROR_GRAPHICS_VIDPN_SOURCE_IN_USE: изменение макроопределения
         c:\program files (x86)\windows kits\8.1\include\shared\winerror.h(50244): note: см. предыдущее определение "DXGI_ERROR_GRAPHICS_VIDPN_SOURCE_IN_USE"
     1>c:\program files (x86)\microsoft directx sdk (june 2010)\include\dxgitype.h(31): warning C4005: DXGI_ERROR_DRIVER_INTERNAL_ERROR: изменение макроопределения
         c:\program files (x86)\windows kits\8.1\include\shared\winerror.h(50254): note: см. предыдущее определение "DXGI_ERROR_DRIVER_INTERNAL_ERROR"
     1>c:\program files (x86)\microsoft directx sdk (june 2010)\include\dxgitype.h(32): warning C4005: DXGI_ERROR_NONEXCLUSIVE: изменение макроопределения
         c:\program files (x86)\windows kits\8.1\include\shared\winerror.h(50263): note: см. предыдущее определение "DXGI_ERROR_NONEXCLUSIVE"
     1>c:\program files (x86)\microsoft directx sdk (june 2010)\include\dxgitype.h(33): warning C4005: DXGI_ERROR_NOT_CURRENTLY_AVAILABLE: изменение макроопределения
         c:\program files (x86)\windows kits\8.1\include\shared\winerror.h(50272): note: см. предыдущее определение "DXGI_ERROR_NOT_CURRENTLY_AVAILABLE"
     1>c:\program files (x86)\microsoft directx sdk (june 2010)\include\dxgitype.h(34): warning C4005: DXGI_ERROR_REMOTE_CLIENT_DISCONNECTED: изменение макроопределения
         c:\program files (x86)\windows kits\8.1\include\shared\winerror.h(50282): note: см. предыдущее определение "DXGI_ERROR_REMOTE_CLIENT_DISCONNECTED"
     1>c:\program files (x86)\microsoft directx sdk (june 2010)\include\dxgitype.h(35): warning C4005: DXGI_ERROR_REMOTE_OUTOFMEMORY: изменение макроопределения
         c:\program files (x86)\windows kits\8.1\include\shared\winerror.h(50291): note: см. предыдущее определение "DXGI_ERROR_REMOTE_OUTOFMEMORY"
     1>c:\program files (x86)\microsoft directx sdk (june 2010)\include\d3d11.h(917): warning C4005: D3D11_ERROR_TOO_MANY_UNIQUE_STATE_OBJECTS: изменение макроопределения
         c:\program files (x86)\windows kits\8.1\include\shared\winerror.h(50469): note: см. предыдущее определение "D3D11_ERROR_TOO_MANY_UNIQUE_STATE_OBJECTS"
     1>c:\program files (x86)\microsoft directx sdk (june 2010)\include\d3d11.h(918): warning C4005: D3D11_ERROR_FILE_NOT_FOUND: изменение макроопределения
         c:\program files (x86)\windows kits\8.1\include\shared\winerror.h(50478): note: см. предыдущее определение "D3D11_ERROR_FILE_NOT_FOUND"
     1>c:\program files (x86)\microsoft directx sdk (june 2010)\include\d3d11.h(919): warning C4005: D3D11_ERROR_TOO_MANY_UNIQUE_VIEW_OBJECTS: изменение макроопределения
         c:\program files (x86)\windows kits\8.1\include\shared\winerror.h(50488): note: см. предыдущее определение "D3D11_ERROR_TOO_MANY_UNIQUE_VIEW_OBJECTS"
     1>c:\program files (x86)\microsoft directx sdk (june 2010)\include\d3d11.h(920): warning C4005: D3D11_ERROR_DEFERRED_CONTEXT_MAP_WITHOUT_INITIAL_DISCARD: изменение макроопределения
         c:\program files (x86)\windows kits\8.1\include\shared\winerror.h(50497): note: см. предыдущее определение "D3D11_ERROR_DEFERRED_CONTEXT_MAP_WITHOUT_INITIAL_DISCARD"
     1>c:\program files (x86)\microsoft directx sdk (june 2010)\include\d3d10.h(608): warning C4005: D3D10_ERROR_TOO_MANY_UNIQUE_STATE_OBJECTS: изменение макроопределения
         c:\program files (x86)\windows kits\8.1\include\shared\winerror.h(50445): note: см. предыдущее определение "D3D10_ERROR_TOO_MANY_UNIQUE_STATE_OBJECTS"
     1>c:\program files (x86)\microsoft directx sdk (june 2010)\include\d3d10.h(609): warning C4005: D3D10_ERROR_FILE_NOT_FOUND: изменение макроопределения
         c:\program files (x86)\windows kits\8.1\include\shared\winerror.h(50454): note: см. предыдущее определение "D3D10_ERROR_FILE_NOT_FOUND"
     1>c:\users\георгий\documents\visual studio 2015\projects\blackengine\blackengine\core\win32\bpoint2d.h(11): error C2962: синтаксическая ошибка: ;: требуется определение функции-члена класса-шаблона до "}"
         c:\users\георгий\documents\visual studio 2015\projects\blackengine\blackengine\core\win32\bwindow.h(48): note: см. ссылку на создание экземпляров класса шаблон при компиляции "BPoint2D<float>"
         Создание кода...
         Компиляция...
         BL_main.cpp
     1>c:\program files (x86)\microsoft directx sdk (june 2010)\include\dxgitype.h(12): warning C4005: DXGI_STATUS_OCCLUDED: изменение макроопределения
         c:\program files (x86)\windows kits\8.1\include\shared\winerror.h(50092): note: см. предыдущее определение "DXGI_STATUS_OCCLUDED"
     1>c:\program files (x86)\microsoft directx sdk (june 2010)\include\dxgitype.h(13): warning C4005: DXGI_STATUS_CLIPPED: изменение макроопределения
         c:\program files (x86)\windows kits\8.1\include\shared\winerror.h(50101): note: см. предыдущее определение "DXGI_STATUS_CLIPPED"
     1>c:\program files (x86)\microsoft directx sdk (june 2010)\include\dxgitype.h(14): warning C4005: DXGI_STATUS_NO_REDIRECTION: изменение макроопределения
         c:\program files (x86)\windows kits\8.1\include\shared\winerror.h(50110): note: см. предыдущее определение "DXGI_STATUS_NO_REDIRECTION"
     1>c:\program files (x86)\microsoft directx sdk (june 2010)\include\dxgitype.h(15): warning C4005: DXGI_STATUS_NO_DESKTOP_ACCESS: изменение макроопределения
         c:\program files (x86)\windows kits\8.1\include\shared\winerror.h(50119): note: см. предыдущее определение "DXGI_STATUS_NO_DESKTOP_ACCESS"
     1>c:\program files (x86)\microsoft directx sdk (june 2010)\include\dxgitype.h(16): warning C4005: DXGI_STATUS_GRAPHICS_VIDPN_SOURCE_IN_USE: изменение макроопределения
         c:\program files (x86)\windows kits\8.1\include\shared\winerror.h(50128): note: см. предыдущее определение "DXGI_STATUS_GRAPHICS_VIDPN_SOURCE_IN_USE"
     1>c:\program files (x86)\microsoft directx sdk (june 2010)\include\dxgitype.h(17): warning C4005: DXGI_STATUS_MODE_CHANGED: изменение макроопределения
         c:\program files (x86)\windows kits\8.1\include\shared\winerror.h(50137): note: см. предыдущее определение "DXGI_STATUS_MODE_CHANGED"
     1>c:\program files (x86)\microsoft directx sdk (june 2010)\include\dxgitype.h(18): warning C4005: DXGI_STATUS_MODE_CHANGE_IN_PROGRESS: изменение макроопределения
         c:\program files (x86)\windows kits\8.1\include\shared\winerror.h(50146): note: см. предыдущее определение "DXGI_STATUS_MODE_CHANGE_IN_PROGRESS"
     1>c:\program files (x86)\microsoft directx sdk (june 2010)\include\dxgitype.h(21): warning C4005: DXGI_ERROR_INVALID_CALL: изменение макроопределения
         c:\program files (x86)\windows kits\8.1\include\shared\winerror.h(50161): note: см. предыдущее определение "DXGI_ERROR_INVALID_CALL"
     1>c:\program files (x86)\microsoft directx sdk (june 2010)\include\dxgitype.h(22): warning C4005: DXGI_ERROR_NOT_FOUND: изменение макроопределения
         c:\program files (x86)\windows kits\8.1\include\shared\winerror.h(50170): note: см. предыдущее определение "DXGI_ERROR_NOT_FOUND"
     1>c:\program files (x86)\microsoft directx sdk (june 2010)\include\dxgitype.h(23): warning C4005: DXGI_ERROR_MORE_DATA: изменение макроопределения
         c:\program files (x86)\windows kits\8.1\include\shared\winerror.h(50179): note: см. предыдущее определение "DXGI_ERROR_MORE_DATA"
     1>c:\program files (x86)\microsoft directx sdk (june 2010)\include\dxgitype.h(24): warning C4005: DXGI_ERROR_UNSUPPORTED: изменение макроопределения
         c:\program files (x86)\windows kits\8.1\include\shared\winerror.h(50188): note: см. предыдущее определение "DXGI_ERROR_UNSUPPORTED"
     1>c:\program files (x86)\microsoft directx sdk (june 2010)\include\dxgitype.h(25): warning C4005: DXGI_ERROR_DEVICE_REMOVED: изменение макроопределения
         c:\program files (x86)\windows kits\8.1\include\shared\winerror.h(50197): note: см. предыдущее определение "DXGI_ERROR_DEVICE_REMOVED"
     1>c:\program files (x86)\microsoft directx sdk (june 2010)\include\dxgitype.h(26): warning C4005: DXGI_ERROR_DEVICE_HUNG: изменение макроопределения
         c:\program files (x86)\windows kits\8.1\include\shared\winerror.h(50206): note: см. предыдущее определение "DXGI_ERROR_DEVICE_HUNG"
     1>c:\program files (x86)\microsoft directx sdk (june 2010)\include\dxgitype.h(27): warning C4005: DXGI_ERROR_DEVICE_RESET: изменение макроопределения
         c:\program files (x86)\windows kits\8.1\include\shared\winerror.h(50216): note: см. предыдущее определение "DXGI_ERROR_DEVICE_RESET"
     1>c:\program files (x86)\microsoft directx sdk (june 2010)\include\dxgitype.h(28): warning C4005: DXGI_ERROR_WAS_STILL_DRAWING: изменение макроопределения
         c:\program files (x86)\windows kits\8.1\include\shared\winerror.h(50225): note: см. предыдущее определение "DXGI_ERROR_WAS_STILL_DRAWING"
     1>c:\program files (x86)\microsoft directx sdk (june 2010)\include\dxgitype.h(29): warning C4005: DXGI_ERROR_FRAME_STATISTICS_DISJOINT: изменение макроопределения
         c:\program files (x86)\windows kits\8.1\include\shared\winerror.h(50235): note: см. предыдущее определение "DXGI_ERROR_FRAME_STATISTICS_DISJOINT"
     1>c:\program files (x86)\microsoft directx sdk (june 2010)\include\dxgitype.h(30): warning C4005: DXGI_ERROR_GRAPHICS_VIDPN_SOURCE_IN_USE: изменение макроопределения
         c:\program files (x86)\windows kits\8.1\include\shared\winerror.h(50244): note: см. предыдущее определение "DXGI_ERROR_GRAPHICS_VIDPN_SOURCE_IN_USE"
     1>c:\program files (x86)\microsoft directx sdk (june 2010)\include\dxgitype.h(31): warning C4005: DXGI_ERROR_DRIVER_INTERNAL_ERROR: изменение макроопределения
         c:\program files (x86)\windows kits\8.1\include\shared\winerror.h(50254): note: см. предыдущее определение "DXGI_ERROR_DRIVER_INTERNAL_ERROR"
     1>c:\program files (x86)\microsoft directx sdk (june 2010)\include\dxgitype.h(32): warning C4005: DXGI_ERROR_NONEXCLUSIVE: изменение макроопределения
         c:\program files (x86)\windows kits\8.1\include\shared\winerror.h(50263): note: см. предыдущее определение "DXGI_ERROR_NONEXCLUSIVE"
     1>c:\program files (x86)\microsoft directx sdk (june 2010)\include\dxgitype.h(33): warning C4005: DXGI_ERROR_NOT_CURRENTLY_AVAILABLE: изменение макроопределения
         c:\program files (x86)\windows kits\8.1\include\shared\winerror.h(50272): note: см. предыдущее определение "DXGI_ERROR_NOT_CURRENTLY_AVAILABLE"
     1>c:\program files (x86)\microsoft directx sdk (june 2010)\include\dxgitype.h(34): warning C4005: DXGI_ERROR_REMOTE_CLIENT_DISCONNECTED: изменение макроопределения
         c:\program files (x86)\windows kits\8.1\include\shared\winerror.h(50282): note: см. предыдущее определение "DXGI_ERROR_REMOTE_CLIENT_DISCONNECTED"
     1>c:\program files (x86)\microsoft directx sdk (june 2010)\include\dxgitype.h(35): warning C4005: DXGI_ERROR_REMOTE_OUTOFMEMORY: изменение макроопределения
         c:\program files (x86)\windows kits\8.1\include\shared\winerror.h(50291): note: см. предыдущее определение "DXGI_ERROR_REMOTE_OUTOFMEMORY"
     1>c:\program files (x86)\microsoft directx sdk (june 2010)\include\d3d11.h(917): warning C4005: D3D11_ERROR_TOO_MANY_UNIQUE_STATE_OBJECTS: изменение макроопределения
         c:\program files (x86)\windows kits\8.1\include\shared\winerror.h(50469): note: см. предыдущее определение "D3D11_ERROR_TOO_MANY_UNIQUE_STATE_OBJECTS"
     1>c:\program files (x86)\microsoft directx sdk (june 2010)\include\d3d11.h(918): warning C4005: D3D11_ERROR_FILE_NOT_FOUND: изменение макроопределения
         c:\program files (x86)\windows kits\8.1\include\shared\winerror.h(50478): note: см. предыдущее определение "D3D11_ERROR_FILE_NOT_FOUND"
     1>c:\program files (x86)\microsoft directx sdk (june 2010)\include\d3d11.h(919): warning C4005: D3D11_ERROR_TOO_MANY_UNIQUE_VIEW_OBJECTS: изменение макроопределения
         c:\program files (x86)\windows kits\8.1\include\shared\winerror.h(50488): note: см. предыдущее определение "D3D11_ERROR_TOO_MANY_UNIQUE_VIEW_OBJECTS"
     1>c:\program files (x86)\microsoft directx sdk (june 2010)\include\d3d11.h(920): warning C4005: D3D11_ERROR_DEFERRED_CONTEXT_MAP_WITHOUT_INITIAL_DISCARD: изменение макроопределения
         c:\program files (x86)\windows kits\8.1\include\shared\winerror.h(50497): note: см. предыдущее определение "D3D11_ERROR_DEFERRED_CONTEXT_MAP_WITHOUT_INITIAL_DISCARD"
     1>c:\program files (x86)\microsoft directx sdk (june 2010)\include\d3d10.h(608): warning C4005: D3D10_ERROR_TOO_MANY_UNIQUE_STATE_OBJECTS: изменение макроопределения
         c:\program files (x86)\windows kits\8.1\include\shared\winerror.h(50445): note: см. предыдущее определение "D3D10_ERROR_TOO_MANY_UNIQUE_STATE_OBJECTS"
     1>c:\program files (x86)\microsoft directx sdk (june 2010)\include\d3d10.h(609): warning C4005: D3D10_ERROR_FILE_NOT_FOUND: изменение макроопределения
         c:\program files (x86)\windows kits\8.1\include\shared\winerror.h(50454): note: см. предыдущее определение "D3D10_ERROR_FILE_NOT_FOUND"
     1>c:\users\георгий\documents\visual studio 2015\projects\blackengine\blackengine\core\win32\bpoint2d.h(11): error C2962: синтаксическая ошибка: ;: требуется определение функции-члена класса-шаблона до "}"
         c:\users\георгий\documents\visual studio 2015\projects\blackengine\blackengine\core\win32\bwindow.h(48): note: см. ссылку на создание экземпляров класса шаблон при компиляции "BPoint2D<float>"
         Создание кода...
     1>Сборка проекта "C:\Users\Георгий\Documents\Visual Studio 2015\Projects\BlackEngine\BlackEngine\ProjectVC\BlackEngine.vcxproj" завершена (целевые объекты Build) с ошибкой.

Ошибка сборки.

Затраченное время: 00:00:02.31
